0 info it worked if it ends with ok
1 verbose cli [ '/usr/bin/nodejs',
1 verbose cli   '/usr/local/bin/npm',
1 verbose cli   'i',
1 verbose cli   '--save',
1 verbose cli   'https://github.com/telerik/everlive-js-sdk#bdc156ed04191f458e617f95102c7f62928d6e93' ]
2 info using npm@3.7.5
3 info using node@v4.6.0
4 silly loadCurrentTree Starting
5 silly install loadCurrentTree
6 silly install readLocalPackageData
7 silly fetchPackageMetaData https://github.com/telerik/everlive-js-sdk#bdc156ed04191f458e617f95102c7f62928d6e93
8 silly fetchOtherPackageData https://github.com/telerik/everlive-js-sdk#bdc156ed04191f458e617f95102c7f62928d6e93
9 silly cache add args [ 'https://github.com/telerik/everlive-js-sdk#bdc156ed04191f458e617f95102c7f62928d6e93',
9 silly cache add   null ]
10 verbose cache add spec https://github.com/telerik/everlive-js-sdk#bdc156ed04191f458e617f95102c7f62928d6e93
11 silly cache add parsed spec Result {
11 silly cache add   raw: 'https://github.com/telerik/everlive-js-sdk#bdc156ed04191f458e617f95102c7f62928d6e93',
11 silly cache add   scope: null,
11 silly cache add   name: null,
11 silly cache add   rawSpec: 'https://github.com/telerik/everlive-js-sdk#bdc156ed04191f458e617f95102c7f62928d6e93',
11 silly cache add   spec: 'git+https://github.com/telerik/everlive-js-sdk.git#bdc156ed04191f458e617f95102c7f62928d6e93',
11 silly cache add   type: 'hosted',
11 silly cache add   hosted:
11 silly cache add    { type: 'github',
11 silly cache add      ssh: 'git@github.com:telerik/everlive-js-sdk.git#bdc156ed04191f458e617f95102c7f62928d6e93',
11 silly cache add      sshUrl: 'git+ssh://git@github.com/telerik/everlive-js-sdk.git#bdc156ed04191f458e617f95102c7f62928d6e93',
11 silly cache add      httpsUrl: 'git+https://github.com/telerik/everlive-js-sdk.git#bdc156ed04191f458e617f95102c7f62928d6e93',
11 silly cache add      gitUrl: 'git://github.com/telerik/everlive-js-sdk.git#bdc156ed04191f458e617f95102c7f62928d6e93',
11 silly cache add      shortcut: 'github:telerik/everlive-js-sdk#bdc156ed04191f458e617f95102c7f62928d6e93',
11 silly cache add      directUrl: 'https://raw.githubusercontent.com/telerik/everlive-js-sdk/bdc156ed04191f458e617f95102c7f62928d6e93/package.json' } }
12 verbose addRemoteGit caching https://github.com/telerik/everlive-js-sdk#bdc156ed04191f458e617f95102c7f62928d6e93
13 verbose addRemoteGit git+https://github.com/telerik/everlive-js-sdk.git#bdc156ed04191f458e617f95102c7f62928d6e93 is a repository hosted by github
14 silly tryClone cloning git+https://github.com/telerik/everlive-js-sdk.git#bdc156ed04191f458e617f95102c7f62928d6e93 via git+https://github.com/telerik/everlive-js-sdk.git#bdc156ed04191f458e617f95102c7f62928d6e93
15 verbose tryClone git-https-github-com-telerik-everlive-js-sdk-git-bdc156ed04191f458e617f95102c7f62928d6e93-b764d9c1 not in flight; caching
16 verbose correctMkdir /home/local/TELERIK/gngeorgiev/.npm/_git-remotes correctMkdir not in flight; initializing
17 info git [ 'clone',
17 info git   '--template=/home/local/TELERIK/gngeorgiev/.npm/_git-remotes/_templates',
17 info git   '--mirror',
17 info git   'https://github.com/telerik/everlive-js-sdk.git',
17 info git   '/home/local/TELERIK/gngeorgiev/.npm/_git-remotes/git-https-github-com-telerik-everlive-js-sdk-git-bdc156ed04191f458e617f95102c7f62928d6e93-b764d9c1' ]
18 verbose mirrorRemote git+https://github.com/telerik/everlive-js-sdk.git#bdc156ed04191f458e617f95102c7f62928d6e93 git clone https://github.com/telerik/everlive-js-sdk.git
19 verbose correctMkdir /home/local/TELERIK/gngeorgiev/.npm/_git-remotes correctMkdir not in flight; initializing
20 verbose setPermissions git+https://github.com/telerik/everlive-js-sdk.git#bdc156ed04191f458e617f95102c7f62928d6e93 set permissions on /home/local/TELERIK/gngeorgiev/.npm/_git-remotes/git-https-github-com-telerik-everlive-js-sdk-git-bdc156ed04191f458e617f95102c7f62928d6e93-b764d9c1
21 verbose resolveHead git+https://github.com/telerik/everlive-js-sdk.git#bdc156ed04191f458e617f95102c7f62928d6e93 original treeish: bdc156ed04191f458e617f95102c7f62928d6e93
22 info git [ 'rev-list', '-n1', 'bdc156ed04191f458e617f95102c7f62928d6e93' ]
23 silly resolveHead git+https://github.com/telerik/everlive-js-sdk.git#bdc156ed04191f458e617f95102c7f62928d6e93 resolved treeish: bdc156ed04191f458e617f95102c7f62928d6e93
24 verbose resolveHead git+https://github.com/telerik/everlive-js-sdk.git#bdc156ed04191f458e617f95102c7f62928d6e93 resolved Git URL: git+https://github.com/telerik/everlive-js-sdk.git#bdc156ed04191f458e617f95102c7f62928d6e93
25 silly resolveHead Git working directory: /tmp/npm-28166-28078c49/git-cache-648918fb/bdc156ed04191f458e617f95102c7f62928d6e93
26 info git [ 'clone',
26 info git   '/home/local/TELERIK/gngeorgiev/.npm/_git-remotes/git-https-github-com-telerik-everlive-js-sdk-git-bdc156ed04191f458e617f95102c7f62928d6e93-b764d9c1',
26 info git   '/tmp/npm-28166-28078c49/git-cache-648918fb/bdc156ed04191f458e617f95102c7f62928d6e93' ]
27 verbose cloneResolved git+https://github.com/telerik/everlive-js-sdk.git#bdc156ed04191f458e617f95102c7f62928d6e93 clone Cloning into '/tmp/npm-28166-28078c49/git-cache-648918fb/bdc156ed04191f458e617f95102c7f62928d6e93'...
27 verbose cloneResolved done.
28 info git [ 'checkout', 'bdc156ed04191f458e617f95102c7f62928d6e93' ]
29 verbose checkoutTreeish git+https://github.com/telerik/everlive-js-sdk.git#bdc156ed04191f458e617f95102c7f62928d6e93 checkout Note: checking out 'bdc156ed04191f458e617f95102c7f62928d6e93'.
29 verbose checkoutTreeish
29 verbose checkoutTreeish You are in 'detached HEAD' state. You can look around, make experimental
29 verbose checkoutTreeish changes and commit them, and you can discard any commits you make in this
29 verbose checkoutTreeish state without impacting any branches by performing another checkout.
29 verbose checkoutTreeish
29 verbose checkoutTreeish If you want to create a new branch to retain commits you create, you may
29 verbose checkoutTreeish do so (now or later) by using -b with the checkout command again. Example:
29 verbose checkoutTreeish
29 verbose checkoutTreeish   git checkout -b new_branch_name
29 verbose checkoutTreeish
29 verbose checkoutTreeish HEAD is now at bdc156e... Merge branch 'master' into feature/typescript
30 info git [ 'submodule', '-q', 'update', '--init', '--recursive' ]
31 verbose updateSubmodules git+https://github.com/telerik/everlive-js-sdk.git#bdc156ed04191f458e617f95102c7f62928d6e93 submodule update
32 verbose addLocalDirectory /home/local/TELERIK/gngeorgiev/.npm/everlive-sdk/1.7.2/package.tgz not in flight; packing
33 verbose correctMkdir /home/local/TELERIK/gngeorgiev/.npm correctMkdir not in flight; initializing
34 verbose tar pack [ '/home/local/TELERIK/gngeorgiev/.npm/everlive-sdk/1.7.2/package.tgz',
34 verbose tar pack   '/tmp/npm-28166-28078c49/git-cache-648918fb/bdc156ed04191f458e617f95102c7f62928d6e93' ]
35 verbose tarball /home/local/TELERIK/gngeorgiev/.npm/everlive-sdk/1.7.2/package.tgz
36 verbose folder /tmp/npm-28166-28078c49/git-cache-648918fb/bdc156ed04191f458e617f95102c7f62928d6e93
37 verbose addLocalTarball adding from inside cache /home/local/TELERIK/gngeorgiev/.npm/everlive-sdk/1.7.2/package.tgz
38 verbose correctMkdir /home/local/TELERIK/gngeorgiev/.npm correctMkdir not in flight; initializing
39 verbose addRemoteGit data._from: git+https://github.com/telerik/everlive-js-sdk.git#bdc156ed04191f458e617f95102c7f62928d6e93
40 verbose addRemoteGit data._resolved: git+https://github.com/telerik/everlive-js-sdk.git#bdc156ed04191f458e617f95102c7f62928d6e93
41 silly cache afterAdd everlive-sdk@1.7.2
42 verbose afterAdd /home/local/TELERIK/gngeorgiev/.npm/everlive-sdk/1.7.2/package/package.json not in flight; writing
43 verbose correctMkdir /home/local/TELERIK/gngeorgiev/.npm correctMkdir not in flight; initializing
44 verbose afterAdd /home/local/TELERIK/gngeorgiev/.npm/everlive-sdk/1.7.2/package/package.json written
45 silly install normalizeTree
46 silly loadCurrentTree Finishing
47 silly loadIdealTree Starting
48 silly install loadIdealTree
49 silly cloneCurrentTree Starting
50 silly install cloneCurrentTreeToIdealTree
51 silly cloneCurrentTree Finishing
52 silly loadShrinkwrap Starting
53 silly install loadShrinkwrap
54 silly loadShrinkwrap Finishing
55 silly loadAllDepsIntoIdealTree Starting
56 silly install loadAllDepsIntoIdealTree
57 silly resolveWithNewModule everlive-sdk@1.7.2 checking installable status
58 silly fetchNamedPackageData json-stable-stringify
59 silly mapToRegistry name json-stable-stringify
60 silly mapToRegistry using default registry
61 silly mapToRegistry registry https://registry.npmjs.org/
62 silly mapToRegistry uri https://registry.npmjs.org/json-stable-stringify
63 silly fetchNamedPackageData jstimezonedetect
64 silly mapToRegistry name jstimezonedetect
65 silly mapToRegistry using default registry
66 silly mapToRegistry registry https://registry.npmjs.org/
67 silly mapToRegistry uri https://registry.npmjs.org/jstimezonedetect
68 silly fetchNamedPackageData mongo-query
69 silly mapToRegistry name mongo-query
70 silly mapToRegistry using default registry
71 silly mapToRegistry registry https://registry.npmjs.org/
72 silly mapToRegistry uri https://registry.npmjs.org/mongo-query
73 silly fetchNamedPackageData node-cryptojs-aes
74 silly mapToRegistry name node-cryptojs-aes
75 silly mapToRegistry using default registry
76 silly mapToRegistry registry https://registry.npmjs.org/
77 silly mapToRegistry uri https://registry.npmjs.org/node-cryptojs-aes
78 silly fetchNamedPackageData node-localstorage
79 silly mapToRegistry name node-localstorage
80 silly mapToRegistry using default registry
81 silly mapToRegistry registry https://registry.npmjs.org/
82 silly mapToRegistry uri https://registry.npmjs.org/node-localstorage
83 silly fetchNamedPackageData reqwest
84 silly mapToRegistry name reqwest
85 silly mapToRegistry using default registry
86 silly mapToRegistry registry https://registry.npmjs.org/
87 silly mapToRegistry uri https://registry.npmjs.org/reqwest
88 silly fetchNamedPackageData underscore
89 silly mapToRegistry name underscore
90 silly mapToRegistry using default registry
91 silly mapToRegistry registry https://registry.npmjs.org/
92 silly mapToRegistry uri https://registry.npmjs.org/underscore
93 silly fetchOtherPackageData bs-aggregation-translator@file:src/scripts/bs-aggregation-translator
94 silly cache add args [ 'bs-aggregation-translator@file:src/scripts/bs-aggregation-translator',
94 silly cache add   null ]
95 verbose cache add spec bs-aggregation-translator@file:src/scripts/bs-aggregation-translator
96 silly fetchOtherPackageData bs-expand-processor@file:src/scripts/bs-expand-processor
97 silly cache add args [ 'bs-expand-processor@file:src/scripts/bs-expand-processor',
97 silly cache add   null ]
98 verbose cache add spec bs-expand-processor@file:src/scripts/bs-expand-processor
99 silly fetchOtherPackageData mingo@github:telerik/mingo
100 silly cache add args [ 'mingo@github:telerik/mingo', null ]
101 verbose cache add spec mingo@github:telerik/mingo
102 silly cache add parsed spec Result {
102 silly cache add   raw: 'bs-aggregation-translator@file:src/scripts/bs-aggregation-translator',
102 silly cache add   scope: null,
102 silly cache add   name: 'bs-aggregation-translator',
102 silly cache add   rawSpec: 'file:src/scripts/bs-aggregation-translator',
102 silly cache add   spec: '/home/local/TELERIK/gngeorgiev/team-spirit/node_modules/everlive-sdk/src/scripts/bs-aggregation-translator',
102 silly cache add   type: 'local' }
103 silly cache add parsed spec Result {
103 silly cache add   raw: 'bs-expand-processor@file:src/scripts/bs-expand-processor',
103 silly cache add   scope: null,
103 silly cache add   name: 'bs-expand-processor',
103 silly cache add   rawSpec: 'file:src/scripts/bs-expand-processor',
103 silly cache add   spec: '/home/local/TELERIK/gngeorgiev/team-spirit/node_modules/everlive-sdk/src/scripts/bs-expand-processor',
103 silly cache add   type: 'local' }
104 silly cache add parsed spec Result {
104 silly cache add   raw: 'mingo@github:telerik/mingo',
104 silly cache add   scope: null,
104 silly cache add   name: 'mingo',
104 silly cache add   rawSpec: 'github:telerik/mingo',
104 silly cache add   spec: 'github:telerik/mingo',
104 silly cache add   type: 'hosted',
104 silly cache add   hosted:
104 silly cache add    { type: 'github',
104 silly cache add      ssh: 'git@github.com:telerik/mingo.git',
104 silly cache add      sshUrl: 'git+ssh://git@github.com/telerik/mingo.git',
104 silly cache add      httpsUrl: 'git+https://github.com/telerik/mingo.git',
104 silly cache add      gitUrl: 'git://github.com/telerik/mingo.git',
104 silly cache add      shortcut: 'github:telerik/mingo',
104 silly cache add      directUrl: 'https://raw.githubusercontent.com/telerik/mingo/master/package.json' } }
105 verbose addRemoteGit caching github:telerik/mingo
106 verbose addRemoteGit telerik/mingo is a repository hosted by github
107 silly tryGitProto attempting to clone git://github.com/telerik/mingo.git
108 silly tryClone cloning telerik/mingo via git://github.com/telerik/mingo.git
109 verbose tryClone git-github-com-telerik-mingo-git-e3ea6720 not in flight; caching
110 verbose correctMkdir /home/local/TELERIK/gngeorgiev/.npm/_git-remotes correctMkdir not in flight; initializing
111 error addLocal Could not install /home/local/TELERIK/gngeorgiev/team-spirit/node_modules/everlive-sdk/src/scripts/bs-aggregation-translator
112 silly fetchPackageMetaData Error: ENOENT: no such file or directory, open '/home/local/TELERIK/gngeorgiev/team-spirit/node_modules/everlive-sdk/src/scripts/bs-aggregation-translator'
112 silly fetchPackageMetaData     at Error (native)
112 silly fetchPackageMetaData  error for bs-aggregation-translator@file:src/scripts/bs-aggregation-translator { [Error: ENOENT: no such file or directory, open '/home/local/TELERIK/gngeorgiev/team-spirit/node_modules/everlive-sdk/src/scripts/bs-aggregation-translator']
112 silly fetchPackageMetaData   errno: -2,
112 silly fetchPackageMetaData   code: 'ENOENT',
112 silly fetchPackageMetaData   syscall: 'open',
112 silly fetchPackageMetaData   path: '/home/local/TELERIK/gngeorgiev/team-spirit/node_modules/everlive-sdk/src/scripts/bs-aggregation-translator' }
113 error addLocal Could not install /home/local/TELERIK/gngeorgiev/team-spirit/node_modules/everlive-sdk/src/scripts/bs-expand-processor
114 silly fetchPackageMetaData Error: ENOENT: no such file or directory, open '/home/local/TELERIK/gngeorgiev/team-spirit/node_modules/everlive-sdk/src/scripts/bs-expand-processor'
114 silly fetchPackageMetaData     at Error (native)
114 silly fetchPackageMetaData  error for bs-expand-processor@file:src/scripts/bs-expand-processor { [Error: ENOENT: no such file or directory, open '/home/local/TELERIK/gngeorgiev/team-spirit/node_modules/everlive-sdk/src/scripts/bs-expand-processor']
114 silly fetchPackageMetaData   errno: -2,
114 silly fetchPackageMetaData   code: 'ENOENT',
114 silly fetchPackageMetaData   syscall: 'open',
114 silly fetchPackageMetaData   path: '/home/local/TELERIK/gngeorgiev/team-spirit/node_modules/everlive-sdk/src/scripts/bs-expand-processor' }
115 verbose request uri https://registry.npmjs.org/mongo-query
116 verbose request no auth needed
117 info attempt registry request try #1 at 11:18:25 AM
118 verbose request id 631e758c8a0729b8
119 verbose etag "AX35CBUN9JNP3S1MMX11CJ8I0"
120 http request GET https://registry.npmjs.org/mongo-query
121 verbose request uri https://registry.npmjs.org/json-stable-stringify
122 verbose request no auth needed
123 info attempt registry request try #1 at 11:18:25 AM
124 verbose etag "9RF48OUCD9LSQA452752U4BN9"
125 http request GET https://registry.npmjs.org/json-stable-stringify
126 verbose request uri https://registry.npmjs.org/jstimezonedetect
127 verbose request no auth needed
128 info attempt registry request try #1 at 11:18:25 AM
129 verbose etag "DLYVR3QI7VGCKCNQY4OTL5ET3"
130 http request GET https://registry.npmjs.org/jstimezonedetect
131 verbose request uri https://registry.npmjs.org/node-cryptojs-aes
132 verbose request no auth needed
133 info attempt registry request try #1 at 11:18:25 AM
134 verbose etag "D0D673NTIPLMTXQGKO79DQJDB"
135 http request GET https://registry.npmjs.org/node-cryptojs-aes
136 verbose request uri https://registry.npmjs.org/node-localstorage
137 verbose request no auth needed
138 info attempt registry request try #1 at 11:18:25 AM
139 verbose etag "97CMG7MUM9XDGPALWR69M38QK"
140 http request GET https://registry.npmjs.org/node-localstorage
141 verbose request uri https://registry.npmjs.org/underscore
142 verbose request no auth needed
143 info attempt registry request try #1 at 11:18:25 AM
144 verbose etag "97NTTM0LZVZALOI24M1U1ONA3"
145 http request GET https://registry.npmjs.org/underscore
146 verbose request uri https://registry.npmjs.org/reqwest
147 verbose request no auth needed
148 info attempt registry request try #1 at 11:18:25 AM
149 verbose etag "24TAV0Y3GQLZAT1NOJ8G1W7PV"
150 http request GET https://registry.npmjs.org/reqwest
151 info git [ 'config', '--get', 'remote.origin.url' ]
152 silly validateExistingRemote telerik/mingo remote.origin.url: git://github.com/telerik/mingo.git
153 verbose validateExistingRemote telerik/mingo is updating existing cached remote /home/local/TELERIK/gngeorgiev/.npm/_git-remotes/git-github-com-telerik-mingo-git-e3ea6720
154 info git [ 'fetch', '-a', 'origin' ]
155 http 304 https://registry.npmjs.org/reqwest
156 verbose headers { date: 'Wed, 26 Oct 2016 08:19:20 GMT',
156 verbose headers   via: '1.1 varnish',
156 verbose headers   'cache-control': 'max-age=300',
156 verbose headers   etag: '"24TAV0Y3GQLZAT1NOJ8G1W7PV"',
156 verbose headers   age: '181',
156 verbose headers   connection: 'keep-alive',
156 verbose headers   'x-served-by': 'cache-fra1222-FRA',
156 verbose headers   'x-cache': 'HIT',
156 verbose headers   'x-cache-hits': '1',
156 verbose headers   'x-timer': 'S1477469960.328778,VS0,VE0',
156 verbose headers   vary: 'Accept-Encoding' }
157 silly get cb [ 304,
157 silly get   { date: 'Wed, 26 Oct 2016 08:19:20 GMT',
157 silly get     via: '1.1 varnish',
157 silly get     'cache-control': 'max-age=300',
157 silly get     etag: '"24TAV0Y3GQLZAT1NOJ8G1W7PV"',
157 silly get     age: '181',
157 silly get     connection: 'keep-alive',
157 silly get     'x-served-by': 'cache-fra1222-FRA',
157 silly get     'x-cache': 'HIT',
157 silly get     'x-cache-hits': '1',
157 silly get     'x-timer': 'S1477469960.328778,VS0,VE0',
157 silly get     vary: 'Accept-Encoding' } ]
158 verbose etag https://registry.npmjs.org/reqwest from cache
159 verbose get saving reqwest to /home/local/TELERIK/gngeorgiev/.npm/registry.npmjs.org/reqwest/.cache.json
160 verbose correctMkdir /home/local/TELERIK/gngeorgiev/.npm correctMkdir not in flight; initializing
161 http 304 https://registry.npmjs.org/underscore
162 verbose headers { date: 'Wed, 26 Oct 2016 08:19:20 GMT',
162 verbose headers   via: '1.1 varnish',
162 verbose headers   'cache-control': 'max-age=300',
162 verbose headers   etag: '"97NTTM0LZVZALOI24M1U1ONA3"',
162 verbose headers   age: '56',
162 verbose headers   connection: 'keep-alive',
162 verbose headers   'x-served-by': 'cache-fra1222-FRA',
162 verbose headers   'x-cache': 'HIT',
162 verbose headers   'x-cache-hits': '3',
162 verbose headers   'x-timer': 'S1477469960.332034,VS0,VE0',
162 verbose headers   vary: 'Accept-Encoding' }
163 silly get cb [ 304,
163 silly get   { date: 'Wed, 26 Oct 2016 08:19:20 GMT',
163 silly get     via: '1.1 varnish',
163 silly get     'cache-control': 'max-age=300',
163 silly get     etag: '"97NTTM0LZVZALOI24M1U1ONA3"',
163 silly get     age: '56',
163 silly get     connection: 'keep-alive',
163 silly get     'x-served-by': 'cache-fra1222-FRA',
163 silly get     'x-cache': 'HIT',
163 silly get     'x-cache-hits': '3',
163 silly get     'x-timer': 'S1477469960.332034,VS0,VE0',
163 silly get     vary: 'Accept-Encoding' } ]
164 verbose etag https://registry.npmjs.org/underscore from cache
165 verbose get saving underscore to /home/local/TELERIK/gngeorgiev/.npm/registry.npmjs.org/underscore/.cache.json
166 verbose correctMkdir /home/local/TELERIK/gngeorgiev/.npm correctMkdir not in flight; initializing
167 http 200 https://registry.npmjs.org/json-stable-stringify
168 verbose headers { server: 'CouchDB/1.5.0 (Erlang OTP/R16B03)',
168 verbose headers   etag: '"53N7P83VMYK16VIFISMJLAXMH"',
168 verbose headers   'content-type': 'application/json',
168 verbose headers   'content-encoding': 'gzip',
168 verbose headers   'cache-control': 'max-age=300',
168 verbose headers   'content-length': '2808',
168 verbose headers   'accept-ranges': 'bytes',
168 verbose headers   date: 'Wed, 26 Oct 2016 08:19:20 GMT',
168 verbose headers   via: '1.1 varnish',
168 verbose headers   age: '55',
168 verbose headers   connection: 'keep-alive',
168 verbose headers   'x-served-by': 'cache-fra1229-FRA',
168 verbose headers   'x-cache': 'HIT',
168 verbose headers   'x-cache-hits': '5',
168 verbose headers   'x-timer': 'S1477469960.329559,VS0,VE0',
168 verbose headers   vary: 'Accept-Encoding' }
169 silly get cb [ 200,
169 silly get   { server: 'CouchDB/1.5.0 (Erlang OTP/R16B03)',
169 silly get     etag: '"53N7P83VMYK16VIFISMJLAXMH"',
169 silly get     'content-type': 'application/json',
169 silly get     'content-encoding': 'gzip',
169 silly get     'cache-control': 'max-age=300',
169 silly get     'content-length': '2808',
169 silly get     'accept-ranges': 'bytes',
169 silly get     date: 'Wed, 26 Oct 2016 08:19:20 GMT',
169 silly get     via: '1.1 varnish',
169 silly get     age: '55',
169 silly get     connection: 'keep-alive',
169 silly get     'x-served-by': 'cache-fra1229-FRA',
169 silly get     'x-cache': 'HIT',
169 silly get     'x-cache-hits': '5',
169 silly get     'x-timer': 'S1477469960.329559,VS0,VE0',
169 silly get     vary: 'Accept-Encoding' } ]
170 verbose get saving json-stable-stringify to /home/local/TELERIK/gngeorgiev/.npm/registry.npmjs.org/json-stable-stringify/.cache.json
171 verbose correctMkdir /home/local/TELERIK/gngeorgiev/.npm correctMkdir not in flight; initializing
172 silly resolveWithNewModule reqwest@1.1.5 checking installable status
173 silly cache add args [ 'reqwest@1.1.5', null ]
174 verbose cache add spec reqwest@1.1.5
175 silly cache add parsed spec Result {
175 silly cache add   raw: 'reqwest@1.1.5',
175 silly cache add   scope: null,
175 silly cache add   name: 'reqwest',
175 silly cache add   rawSpec: '1.1.5',
175 silly cache add   spec: '1.1.5',
175 silly cache add   type: 'version' }
176 silly addNamed reqwest@1.1.5
177 verbose addNamed "1.1.5" is a plain semver version for reqwest
178 silly mapToRegistry name reqwest
179 silly mapToRegistry using default registry
180 silly mapToRegistry registry https://registry.npmjs.org/
181 silly mapToRegistry uri https://registry.npmjs.org/reqwest
182 verbose addNameVersion registry:https://registry.npmjs.org/reqwest not in flight; fetching
183 silly resolveWithNewModule underscore@1.8.2 checking installable status
184 silly cache add args [ 'underscore@1.8.2', null ]
185 verbose cache add spec underscore@1.8.2
186 silly cache add parsed spec Result {
186 silly cache add   raw: 'underscore@1.8.2',
186 silly cache add   scope: null,
186 silly cache add   name: 'underscore',
186 silly cache add   rawSpec: '1.8.2',
186 silly cache add   spec: '1.8.2',
186 silly cache add   type: 'version' }
187 silly addNamed underscore@1.8.2
188 verbose addNamed "1.8.2" is a plain semver version for underscore
189 silly mapToRegistry name underscore
190 silly mapToRegistry using default registry
191 silly mapToRegistry registry https://registry.npmjs.org/
192 silly mapToRegistry uri https://registry.npmjs.org/underscore
193 verbose addNameVersion registry:https://registry.npmjs.org/underscore not in flight; fetching
194 silly resolveWithNewModule json-stable-stringify@1.0.0 checking installable status
195 silly cache add args [ 'json-stable-stringify@1.0.0', null ]
196 verbose cache add spec json-stable-stringify@1.0.0
197 silly cache add parsed spec Result {
197 silly cache add   raw: 'json-stable-stringify@1.0.0',
197 silly cache add   scope: null,
197 silly cache add   name: 'json-stable-stringify',
197 silly cache add   rawSpec: '1.0.0',
197 silly cache add   spec: '1.0.0',
197 silly cache add   type: 'version' }
198 silly addNamed json-stable-stringify@1.0.0
199 verbose addNamed "1.0.0" is a plain semver version for json-stable-stringify
200 silly mapToRegistry name json-stable-stringify
201 silly mapToRegistry using default registry
202 silly mapToRegistry registry https://registry.npmjs.org/
203 silly mapToRegistry uri https://registry.npmjs.org/json-stable-stringify
204 verbose addNameVersion registry:https://registry.npmjs.org/json-stable-stringify not in flight; fetching
205 verbose get https://registry.npmjs.org/reqwest not expired, no request
206 verbose get https://registry.npmjs.org/underscore not expired, no request
207 verbose get https://registry.npmjs.org/json-stable-stringify not expired, no request
208 silly cache afterAdd underscore@1.8.2
209 verbose afterAdd /home/local/TELERIK/gngeorgiev/.npm/underscore/1.8.2/package/package.json not in flight; writing
210 verbose correctMkdir /home/local/TELERIK/gngeorgiev/.npm correctMkdir not in flight; initializing
211 silly cache afterAdd reqwest@1.1.5
212 verbose afterAdd /home/local/TELERIK/gngeorgiev/.npm/reqwest/1.1.5/package/package.json not in flight; writing
213 verbose correctMkdir /home/local/TELERIK/gngeorgiev/.npm correctMkdir not in flight; initializing
214 silly cache afterAdd json-stable-stringify@1.0.0
215 verbose afterAdd /home/local/TELERIK/gngeorgiev/.npm/json-stable-stringify/1.0.0/package/package.json not in flight; writing
216 verbose correctMkdir /home/local/TELERIK/gngeorgiev/.npm correctMkdir not in flight; initializing
217 verbose afterAdd /home/local/TELERIK/gngeorgiev/.npm/json-stable-stringify/1.0.0/package/package.json written
218 verbose afterAdd /home/local/TELERIK/gngeorgiev/.npm/reqwest/1.1.5/package/package.json written
219 verbose afterAdd /home/local/TELERIK/gngeorgiev/.npm/underscore/1.8.2/package/package.json written
220 http 304 https://registry.npmjs.org/jstimezonedetect
221 verbose headers { date: 'Wed, 26 Oct 2016 08:19:20 GMT',
221 verbose headers   via: '1.1 varnish',
221 verbose headers   'cache-control': 'max-age=300',
221 verbose headers   etag: '"DLYVR3QI7VGCKCNQY4OTL5ET3"',
221 verbose headers   age: '0',
221 verbose headers   connection: 'keep-alive',
221 verbose headers   'x-served-by': 'cache-fra1233-FRA',
221 verbose headers   'x-cache': 'HIT',
221 verbose headers   'x-cache-hits': '1',
221 verbose headers   'x-timer': 'S1477469960.321317,VS0,VE104',
221 verbose headers   vary: 'Accept-Encoding' }
222 silly get cb [ 304,
222 silly get   { date: 'Wed, 26 Oct 2016 08:19:20 GMT',
222 silly get     via: '1.1 varnish',
222 silly get     'cache-control': 'max-age=300',
222 silly get     etag: '"DLYVR3QI7VGCKCNQY4OTL5ET3"',
222 silly get     age: '0',
222 silly get     connection: 'keep-alive',
222 silly get     'x-served-by': 'cache-fra1233-FRA',
222 silly get     'x-cache': 'HIT',
222 silly get     'x-cache-hits': '1',
222 silly get     'x-timer': 'S1477469960.321317,VS0,VE104',
222 silly get     vary: 'Accept-Encoding' } ]
223 verbose etag https://registry.npmjs.org/jstimezonedetect from cache
224 verbose get saving jstimezonedetect to /home/local/TELERIK/gngeorgiev/.npm/registry.npmjs.org/jstimezonedetect/.cache.json
225 verbose correctMkdir /home/local/TELERIK/gngeorgiev/.npm correctMkdir not in flight; initializing
226 silly resolveWithNewModule jstimezonedetect@1.0.5 checking installable status
227 silly cache add args [ 'jstimezonedetect@1.0.5', null ]
228 verbose cache add spec jstimezonedetect@1.0.5
229 silly cache add parsed spec Result {
229 silly cache add   raw: 'jstimezonedetect@1.0.5',
229 silly cache add   scope: null,
229 silly cache add   name: 'jstimezonedetect',
229 silly cache add   rawSpec: '1.0.5',
229 silly cache add   spec: '1.0.5',
229 silly cache add   type: 'version' }
230 silly addNamed jstimezonedetect@1.0.5
231 verbose addNamed "1.0.5" is a plain semver version for jstimezonedetect
232 silly mapToRegistry name jstimezonedetect
233 silly mapToRegistry using default registry
234 silly mapToRegistry registry https://registry.npmjs.org/
235 silly mapToRegistry uri https://registry.npmjs.org/jstimezonedetect
236 verbose addNameVersion registry:https://registry.npmjs.org/jstimezonedetect not in flight; fetching
237 http 304 https://registry.npmjs.org/node-cryptojs-aes
238 verbose headers { date: 'Wed, 26 Oct 2016 08:19:20 GMT',
238 verbose headers   via: '1.1 varnish',
238 verbose headers   'cache-control': 'max-age=300',
238 verbose headers   etag: '"D0D673NTIPLMTXQGKO79DQJDB"',
238 verbose headers   age: '0',
238 verbose headers   connection: 'keep-alive',
238 verbose headers   'x-served-by': 'cache-fra1220-FRA',
238 verbose headers   'x-cache': 'MISS',
238 verbose headers   'x-cache-hits': '0',
238 verbose headers   'x-timer': 'S1477469960.325774,VS0,VE105',
238 verbose headers   vary: 'Accept-Encoding' }
239 silly get cb [ 304,
239 silly get   { date: 'Wed, 26 Oct 2016 08:19:20 GMT',
239 silly get     via: '1.1 varnish',
239 silly get     'cache-control': 'max-age=300',
239 silly get     etag: '"D0D673NTIPLMTXQGKO79DQJDB"',
239 silly get     age: '0',
239 silly get     connection: 'keep-alive',
239 silly get     'x-served-by': 'cache-fra1220-FRA',
239 silly get     'x-cache': 'MISS',
239 silly get     'x-cache-hits': '0',
239 silly get     'x-timer': 'S1477469960.325774,VS0,VE105',
239 silly get     vary: 'Accept-Encoding' } ]
240 verbose etag https://registry.npmjs.org/node-cryptojs-aes from cache
241 verbose get saving node-cryptojs-aes to /home/local/TELERIK/gngeorgiev/.npm/registry.npmjs.org/node-cryptojs-aes/.cache.json
242 verbose correctMkdir /home/local/TELERIK/gngeorgiev/.npm correctMkdir not in flight; initializing
243 verbose get https://registry.npmjs.org/jstimezonedetect not expired, no request
244 silly cache afterAdd jstimezonedetect@1.0.5
245 verbose afterAdd /home/local/TELERIK/gngeorgiev/.npm/jstimezonedetect/1.0.5/package/package.json not in flight; writing
246 verbose correctMkdir /home/local/TELERIK/gngeorgiev/.npm correctMkdir not in flight; initializing
247 silly resolveWithNewModule node-cryptojs-aes@0.4.0 checking installable status
248 silly cache add args [ 'node-cryptojs-aes@0.4.0', null ]
249 verbose cache add spec node-cryptojs-aes@0.4.0
250 silly cache add parsed spec Result {
250 silly cache add   raw: 'node-cryptojs-aes@0.4.0',
250 silly cache add   scope: null,
250 silly cache add   name: 'node-cryptojs-aes',
250 silly cache add   rawSpec: '0.4.0',
250 silly cache add   spec: '0.4.0',
250 silly cache add   type: 'version' }
251 silly addNamed node-cryptojs-aes@0.4.0
252 verbose addNamed "0.4.0" is a plain semver version for node-cryptojs-aes
253 silly mapToRegistry name node-cryptojs-aes
254 silly mapToRegistry using default registry
255 silly mapToRegistry registry https://registry.npmjs.org/
256 silly mapToRegistry uri https://registry.npmjs.org/node-cryptojs-aes
257 verbose addNameVersion registry:https://registry.npmjs.org/node-cryptojs-aes not in flight; fetching
258 verbose get https://registry.npmjs.org/node-cryptojs-aes not expired, no request
259 verbose afterAdd /home/local/TELERIK/gngeorgiev/.npm/jstimezonedetect/1.0.5/package/package.json written
260 silly cache afterAdd node-cryptojs-aes@0.4.0
261 verbose afterAdd /home/local/TELERIK/gngeorgiev/.npm/node-cryptojs-aes/0.4.0/package/package.json not in flight; writing
262 verbose correctMkdir /home/local/TELERIK/gngeorgiev/.npm correctMkdir not in flight; initializing
263 verbose afterAdd /home/local/TELERIK/gngeorgiev/.npm/node-cryptojs-aes/0.4.0/package/package.json written
264 http 304 https://registry.npmjs.org/mongo-query
265 verbose headers { date: 'Wed, 26 Oct 2016 08:19:20 GMT',
265 verbose headers   via: '1.1 varnish',
265 verbose headers   'cache-control': 'max-age=300',
265 verbose headers   etag: '"AX35CBUN9JNP3S1MMX11CJ8I0"',
265 verbose headers   age: '0',
265 verbose headers   connection: 'keep-alive',
265 verbose headers   'x-served-by': 'cache-fra1232-FRA',
265 verbose headers   'x-cache': 'MISS',
265 verbose headers   'x-cache-hits': '0',
265 verbose headers   'x-timer': 'S1477469960.324006,VS0,VE202',
265 verbose headers   vary: 'Accept-Encoding' }
266 silly get cb [ 304,
266 silly get   { date: 'Wed, 26 Oct 2016 08:19:20 GMT',
266 silly get     via: '1.1 varnish',
266 silly get     'cache-control': 'max-age=300',
266 silly get     etag: '"AX35CBUN9JNP3S1MMX11CJ8I0"',
266 silly get     age: '0',
266 silly get     connection: 'keep-alive',
266 silly get     'x-served-by': 'cache-fra1232-FRA',
266 silly get     'x-cache': 'MISS',
266 silly get     'x-cache-hits': '0',
266 silly get     'x-timer': 'S1477469960.324006,VS0,VE202',
266 silly get     vary: 'Accept-Encoding' } ]
267 verbose etag https://registry.npmjs.org/mongo-query from cache
268 verbose get saving mongo-query to /home/local/TELERIK/gngeorgiev/.npm/registry.npmjs.org/mongo-query/.cache.json
269 verbose correctMkdir /home/local/TELERIK/gngeorgiev/.npm correctMkdir not in flight; initializing
270 silly resolveWithNewModule mongo-query@0.5.7 checking installable status
271 silly cache add args [ 'mongo-query@0.5.7', null ]
272 verbose cache add spec mongo-query@0.5.7
273 silly cache add parsed spec Result {
273 silly cache add   raw: 'mongo-query@0.5.7',
273 silly cache add   scope: null,
273 silly cache add   name: 'mongo-query',
273 silly cache add   rawSpec: '0.5.7',
273 silly cache add   spec: '0.5.7',
273 silly cache add   type: 'version' }
274 silly addNamed mongo-query@0.5.7
275 verbose addNamed "0.5.7" is a plain semver version for mongo-query
276 silly mapToRegistry name mongo-query
277 silly mapToRegistry using default registry
278 silly mapToRegistry registry https://registry.npmjs.org/
279 silly mapToRegistry uri https://registry.npmjs.org/mongo-query
280 verbose addNameVersion registry:https://registry.npmjs.org/mongo-query not in flight; fetching
281 verbose get https://registry.npmjs.org/mongo-query not expired, no request
282 silly cache afterAdd mongo-query@0.5.7
283 verbose afterAdd /home/local/TELERIK/gngeorgiev/.npm/mongo-query/0.5.7/package/package.json not in flight; writing
284 verbose correctMkdir /home/local/TELERIK/gngeorgiev/.npm correctMkdir not in flight; initializing
285 verbose afterAdd /home/local/TELERIK/gngeorgiev/.npm/mongo-query/0.5.7/package/package.json written
286 verbose updateRemote git fetch -a origin (git://github.com/telerik/mingo.git)
287 verbose correctMkdir /home/local/TELERIK/gngeorgiev/.npm/_git-remotes correctMkdir not in flight; initializing
288 verbose setPermissions telerik/mingo set permissions on /home/local/TELERIK/gngeorgiev/.npm/_git-remotes/git-github-com-telerik-mingo-git-e3ea6720
289 verbose resolveHead telerik/mingo original treeish: master
290 info git [ 'rev-list', '-n1', 'master' ]
291 silly resolveHead telerik/mingo resolved treeish: 02db1e7a7fa538d7d54e0f6e60d49a7c460b42f5
292 verbose resolveHead telerik/mingo resolved Git URL: git://github.com/telerik/mingo.git#02db1e7a7fa538d7d54e0f6e60d49a7c460b42f5
293 silly resolveHead Git working directory: /tmp/npm-28166-28078c49/git-cache-72f4103f/02db1e7a7fa538d7d54e0f6e60d49a7c460b42f5
294 info git [ 'clone',
294 info git   '/home/local/TELERIK/gngeorgiev/.npm/_git-remotes/git-github-com-telerik-mingo-git-e3ea6720',
294 info git   '/tmp/npm-28166-28078c49/git-cache-72f4103f/02db1e7a7fa538d7d54e0f6e60d49a7c460b42f5' ]
295 verbose cloneResolved telerik/mingo clone Cloning into '/tmp/npm-28166-28078c49/git-cache-72f4103f/02db1e7a7fa538d7d54e0f6e60d49a7c460b42f5'...
295 verbose cloneResolved done.
296 info git [ 'checkout', '02db1e7a7fa538d7d54e0f6e60d49a7c460b42f5' ]
297 verbose checkoutTreeish telerik/mingo checkout Note: checking out '02db1e7a7fa538d7d54e0f6e60d49a7c460b42f5'.
297 verbose checkoutTreeish
297 verbose checkoutTreeish You are in 'detached HEAD' state. You can look around, make experimental
297 verbose checkoutTreeish changes and commit them, and you can discard any commits you make in this
297 verbose checkoutTreeish state without impacting any branches by performing another checkout.
297 verbose checkoutTreeish
297 verbose checkoutTreeish If you want to create a new branch to retain commits you create, you may
297 verbose checkoutTreeish do so (now or later) by using -b with the checkout command again. Example:
297 verbose checkoutTreeish
297 verbose checkoutTreeish   git checkout -b new_branch_name
297 verbose checkoutTreeish
297 verbose checkoutTreeish HEAD is now at 02db1e7... updates the check for node.js
298 info git [ 'submodule', '-q', 'update', '--init', '--recursive' ]
299 verbose updateSubmodules telerik/mingo submodule update
300 verbose addLocalDirectory /home/local/TELERIK/gngeorgiev/.npm/mingo/0.6.2/package.tgz not in flight; packing
301 verbose correctMkdir /home/local/TELERIK/gngeorgiev/.npm correctMkdir not in flight; initializing
302 verbose tar pack [ '/home/local/TELERIK/gngeorgiev/.npm/mingo/0.6.2/package.tgz',
302 verbose tar pack   '/tmp/npm-28166-28078c49/git-cache-72f4103f/02db1e7a7fa538d7d54e0f6e60d49a7c460b42f5' ]
303 verbose tarball /home/local/TELERIK/gngeorgiev/.npm/mingo/0.6.2/package.tgz
304 verbose folder /tmp/npm-28166-28078c49/git-cache-72f4103f/02db1e7a7fa538d7d54e0f6e60d49a7c460b42f5
305 verbose addLocalTarball adding from inside cache /home/local/TELERIK/gngeorgiev/.npm/mingo/0.6.2/package.tgz
306 verbose correctMkdir /home/local/TELERIK/gngeorgiev/.npm correctMkdir not in flight; initializing
307 verbose addRemoteGit data._from: telerik/mingo
308 verbose addRemoteGit data._resolved: git://github.com/telerik/mingo.git#02db1e7a7fa538d7d54e0f6e60d49a7c460b42f5
309 silly cache afterAdd mingo@0.6.2
310 verbose afterAdd /home/local/TELERIK/gngeorgiev/.npm/mingo/0.6.2/package/package.json not in flight; writing
311 verbose correctMkdir /home/local/TELERIK/gngeorgiev/.npm correctMkdir not in flight; initializing
312 verbose afterAdd /home/local/TELERIK/gngeorgiev/.npm/mingo/0.6.2/package/package.json written
313 silly resolveWithNewModule mingo@0.6.2 checking installable status
314 http 200 https://registry.npmjs.org/node-localstorage
315 verbose headers { server: 'CouchDB/1.5.0 (Erlang OTP/R16B03)',
315 verbose headers   etag: '"FHVBAK1OY2O695T9SQNO22DF"',
315 verbose headers   'content-type': 'application/json',
315 verbose headers   'content-encoding': 'gzip',
315 verbose headers   'cache-control': 'max-age=300',
315 verbose headers   'content-length': '6588',
315 verbose headers   'accept-ranges': 'bytes',
315 verbose headers   date: 'Wed, 26 Oct 2016 08:19:21 GMT',
315 verbose headers   via: '1.1 varnish',
315 verbose headers   age: '0',
315 verbose headers   connection: 'keep-alive',
315 verbose headers   'x-served-by': 'cache-fra1249-FRA',
315 verbose headers   'x-cache': 'HIT',
315 verbose headers   'x-cache-hits': '1',
315 verbose headers   'x-timer': 'S1477469960.329091,VS0,VE769',
315 verbose headers   vary: 'Accept-Encoding' }
316 silly get cb [ 200,
316 silly get   { server: 'CouchDB/1.5.0 (Erlang OTP/R16B03)',
316 silly get     etag: '"FHVBAK1OY2O695T9SQNO22DF"',
316 silly get     'content-type': 'application/json',
316 silly get     'content-encoding': 'gzip',
316 silly get     'cache-control': 'max-age=300',
316 silly get     'content-length': '6588',
316 silly get     'accept-ranges': 'bytes',
316 silly get     date: 'Wed, 26 Oct 2016 08:19:21 GMT',
316 silly get     via: '1.1 varnish',
316 silly get     age: '0',
316 silly get     connection: 'keep-alive',
316 silly get     'x-served-by': 'cache-fra1249-FRA',
316 silly get     'x-cache': 'HIT',
316 silly get     'x-cache-hits': '1',
316 silly get     'x-timer': 'S1477469960.329091,VS0,VE769',
316 silly get     vary: 'Accept-Encoding' } ]
317 verbose get saving node-localstorage to /home/local/TELERIK/gngeorgiev/.npm/registry.npmjs.org/node-localstorage/.cache.json
318 verbose correctMkdir /home/local/TELERIK/gngeorgiev/.npm correctMkdir not in flight; initializing
319 silly resolveWithNewModule node-localstorage@0.5.1 checking installable status
320 silly cache add args [ 'node-localstorage@0.5.1', null ]
321 verbose cache add spec node-localstorage@0.5.1
322 silly cache add parsed spec Result {
322 silly cache add   raw: 'node-localstorage@0.5.1',
322 silly cache add   scope: null,
322 silly cache add   name: 'node-localstorage',
322 silly cache add   rawSpec: '0.5.1',
322 silly cache add   spec: '0.5.1',
322 silly cache add   type: 'version' }
323 silly addNamed node-localstorage@0.5.1
324 verbose addNamed "0.5.1" is a plain semver version for node-localstorage
325 silly mapToRegistry name node-localstorage
326 silly mapToRegistry using default registry
327 silly mapToRegistry registry https://registry.npmjs.org/
328 silly mapToRegistry uri https://registry.npmjs.org/node-localstorage
329 verbose addNameVersion registry:https://registry.npmjs.org/node-localstorage not in flight; fetching
330 verbose get https://registry.npmjs.org/node-localstorage not expired, no request
331 silly cache afterAdd node-localstorage@0.5.1
332 verbose afterAdd /home/local/TELERIK/gngeorgiev/.npm/node-localstorage/0.5.1/package/package.json not in flight; writing
333 verbose correctMkdir /home/local/TELERIK/gngeorgiev/.npm correctMkdir not in flight; initializing
334 verbose afterAdd /home/local/TELERIK/gngeorgiev/.npm/node-localstorage/0.5.1/package/package.json written
335 silly rollbackFailedOptional Starting
336 silly rollbackFailedOptional Finishing
337 silly runTopLevelLifecycles Starting
338 silly runTopLevelLifecycles Finishing
339 silly install printInstalled
340 verbose stack Error: ENOENT: no such file or directory, open '/home/local/TELERIK/gngeorgiev/team-spirit/node_modules/everlive-sdk/src/scripts/bs-aggregation-translator'
340 verbose stack     at Error (native)
341 verbose cwd /home/local/TELERIK/gngeorgiev/team-spirit
342 error Linux 3.13.0-85-generic
343 error argv "/usr/bin/nodejs" "/usr/local/bin/npm" "i" "--save" "https://github.com/telerik/everlive-js-sdk#bdc156ed04191f458e617f95102c7f62928d6e93"
344 error node v4.6.0
345 error npm  v3.7.5
346 error path /home/local/TELERIK/gngeorgiev/team-spirit/node_modules/everlive-sdk/src/scripts/bs-aggregation-translator
347 error code ENOENT
348 error errno -2
349 error syscall open
350 error enoent ENOENT: no such file or directory, open '/home/local/TELERIK/gngeorgiev/team-spirit/node_modules/everlive-sdk/src/scripts/bs-aggregation-translator'
351 error enoent ENOENT: no such file or directory, open '/home/local/TELERIK/gngeorgiev/team-spirit/node_modules/everlive-sdk/src/scripts/bs-aggregation-translator'
351 error enoent This is most likely not a problem with npm itself
351 error enoent and is related to npm not being able to find a file.
352 verbose exit [ -2, true ]
